<?xml version="1.0" encoding="UTF-8"?>
<!-- Generated by org.testng.reporters.JUnitReportReporter -->
<testsuite hostname="DESKTOP-3A129H7" failures="0" tests="1" name="Test.Basetest" time="23.936" errors="0" timestamp="2024-04-01T15:54:00 IST" skipped="0">
  <testcase classname="Test.Basetest" name="ValidateBasetest" time="23.936"/>
  <system-out/>
</testsuite> <!-- Test.Basetest -->
