<?xml version="1.0" encoding="UTF-8"?>
<!-- Generated by org.testng.reporters.JUnitReportReporter -->
<testsuite hostname="DESKTOP-3A129H7" failures="0" tests="1" name="DOTNET.DOTNET.Basetest" time="31.743" errors="0" timestamp="2023-01-05T14:43:40 IST" skipped="0">
  <testcase classname="DOTNET.DOTNET.Basetest" name="ValidateBasetest" time="31.743"/>
  <system-out/>
</testsuite> <!-- DOTNET.DOTNET.Basetest -->
