<?xml version="1.0" encoding="UTF-8"?>
<!-- Generated by org.testng.reporters.JUnitReportReporter -->
<testsuite hostname="DESKTOP-3A129H7" failures="0" tests="1" name="BaseTest.basetest" time="16.045" errors="0" timestamp="2024-03-25T18:07:44 IST" skipped="0">
  <testcase classname="BaseTest.basetest" name="ValidateBasetest" time="16.045"/>
  <system-out/>
</testsuite> <!-- BaseTest.basetest -->
